#
# A fatal error has been detected by the Java Runtime Environment:
#
#  Internal Error (classFileParser.cpp:3161), pid=6933, tid=3065178992
#  Error: ShouldNotReachHere()
#
# JRE version: 6.0_22-b04
# Java VM: Java HotSpot(TM) Server VM (17.1-b03 mixed mode linux-x86 )
# If you would like to submit a bug report, please visit:
#   http://java.sun.com/webapps/bugreport/crash.jsp
#

---------------  T H R E A D  ---------------

Current thread (0x09167000):  JavaThread "Unknown thread" [_thread_in_vm, id=6938, stack(0xb6ade000,0xb6b2f000)]

Stack: [0xb6ade000,0xb6b2f000],  sp=0xb6b2d810,  free space=13eb6b2f000k
Native frames: (J=compiled Java code, j=interpreted, Vv=VM code, C=native code)
V  [libjvm.so+0x6a92d2]
V  [libjvm.so+0x2b290f]
V  [libjvm.so+0x24d35a]
V  [libjvm.so+0x253371]
V  [libjvm.so+0x63be6f]
V  [libjvm.so+0x63a115]
V  [libjvm.so+0x638fd6]
V  [libjvm.so+0x638c80]
V  [libjvm.so+0x63d5fa]
V  [libjvm.so+0x63d68c]
V  [libjvm.so+0x63d750]
V  [libjvm.so+0x63d539]
V  [libjvm.so+0x682c6a]
V  [libjvm.so+0x6842ef]
V  [libjvm.so+0x36f8ac]
V  [libjvm.so+0x66d06d]
V  [libjvm.so+0x3c75c6]
C  [java+0x305c]
C  [java+0x1942]  JavaMain+0x72
C  [libpthread.so.0+0x596e]


---------------  P R O C E S S  ---------------

Java Threads: ( => current thread )

Other Threads:

=>0x09167000 (exited) JavaThread "Unknown thread" [_thread_in_vm, id=6938, stack(0xb6ade000,0xb6b2f000)]

VM state:not at safepoint (not fully initialized)

VM Mutex/Monitor currently owned by a thread: None

Dynamic libraries:
08048000-08052000 r-xp 00000000 08:06 1970864    /usr/local/jdk1.6.0_22/bin/java
08052000-08053000 rwxp 00009000 08:06 1970864    /usr/local/jdk1.6.0_22/bin/java
09161000-091c7000 rwxp 00000000 00:00 0          [heap]
784f9000-7856f000 r-xs 00902000 08:06 1979949    /home/aneeshpu/tools/android-sdk-linux_x86/platforms/android-10/android.jar
7856f000-78570000 ---p 00000000 00:00 0 
78570000-785f0000 rwxp 00000000 00:00 0 
785f0000-785f1000 ---p 00000000 00:00 0 
785f1000-78679000 rwxp 00000000 00:00 0 
78679000-78691000 rwxp 00000000 00:00 0 
78691000-786a4000 rwxp 00000000 00:00 0 
786a4000-787b7000 rwxp 00000000 00:00 0 
787b7000-787bf000 rwxp 00000000 00:00 0 
787bf000-787d7000 rwxp 00000000 00:00 0 
787d7000-787ea000 rwxp 00000000 00:00 0 
787ea000-788fc000 rwxp 00000000 00:00 0 
788fc000-78906000 rwxp 00000000 00:00 0 
78906000-7898f000 rwxp 00000000 00:00 0 
7898f000-79990000 rwxp 00000000 00:00 0 
79990000-7c990000 rwxp 00000000 00:00 0 
7c990000-7ee40000 rwxp 00000000 00:00 0 
7ee40000-a1440000 rwxp 00000000 00:00 0 
a1440000-a2690000 rwxp 00000000 00:00 0 
a2690000-b3990000 rwxp 00000000 00:00 0 
b3995000-b399e000 rwxp 00000000 00:00 0 
b399e000-b3a55000 rwxp 00000000 00:00 0 
b3a55000-b3c95000 rwxp 00000000 00:00 0 
b3c95000-b6a55000 rwxp 00000000 00:00 0 
b6a55000-b6a64000 r-xp 00000000 08:06 1969645    /usr/local/jdk1.6.0_22/jre/lib/i386/libzip.so
b6a64000-b6a66000 rwxp 0000e000 08:06 1969645    /usr/local/jdk1.6.0_22/jre/lib/i386/libzip.so
b6a66000-b6a70000 r-xp 00000000 08:06 539465     /lib/tls/i686/cmov/libnss_files-2.11.1.so
b6a70000-b6a71000 r-xp 00009000 08:06 539465     /lib/tls/i686/cmov/libnss_files-2.11.1.so
b6a71000-b6a72000 rwxp 0000a000 08:06 539465     /lib/tls/i686/cmov/libnss_files-2.11.1.so
b6a72000-b6a7a000 r-xp 00000000 08:06 539467     /lib/tls/i686/cmov/libnss_nis-2.11.1.so
b6a7a000-b6a7b000 r-xp 00007000 08:06 539467     /lib/tls/i686/cmov/libnss_nis-2.11.1.so
b6a7b000-b6a7c000 rwxp 00008000 08:06 539467     /lib/tls/i686/cmov/libnss_nis-2.11.1.so
b6a7c000-b6a82000 r-xp 00000000 08:06 539463     /lib/tls/i686/cmov/libnss_compat-2.11.1.so
b6a82000-b6a83000 r-xp 00006000 08:06 539463     /lib/tls/i686/cmov/libnss_compat-2.11.1.so
b6a83000-b6a84000 rwxp 00007000 08:06 539463     /lib/tls/i686/cmov/libnss_compat-2.11.1.so
b6a84000-b6a97000 r-xp 00000000 08:06 539462     /lib/tls/i686/cmov/libnsl-2.11.1.so
b6a97000-b6a98000 r-xp 00012000 08:06 539462     /lib/tls/i686/cmov/libnsl-2.11.1.so
b6a98000-b6a99000 rwxp 00013000 08:06 539462     /lib/tls/i686/cmov/libnsl-2.11.1.so
b6a99000-b6a9b000 rwxp 00000000 00:00 0 
b6aa8000-b6ab0000 rwxs 00000000 08:06 2378593    /tmp/hsperfdata_aneeshpu/6933
b6ab0000-b6ad3000 r-xp 00000000 08:06 1969641    /usr/local/jdk1.6.0_22/jre/lib/i386/libjava.so
b6ad3000-b6ad5000 rwxp 00023000 08:06 1969641    /usr/local/jdk1.6.0_22/jre/lib/i386/libjava.so
b6ad5000-b6adc000 r-xp 00000000 08:06 550652     /lib/tls/i686/cmov/librt-2.11.1.so
b6adc000-b6add000 r-xp 00006000 08:06 550652     /lib/tls/i686/cmov/librt-2.11.1.so
b6add000-b6ade000 rwxp 00007000 08:06 550652     /lib/tls/i686/cmov/librt-2.11.1.so
b6ade000-b6ae1000 ---p 00000000 00:00 0 
b6ae1000-b6b2f000 rwxp 00000000 00:00 0 
b6b2f000-b6b53000 r-xp 00000000 08:06 539459     /lib/tls/i686/cmov/libm-2.11.1.so
b6b53000-b6b54000 r-xp 00023000 08:06 539459     /lib/tls/i686/cmov/libm-2.11.1.so
b6b54000-b6b55000 rwxp 00024000 08:06 539459     /lib/tls/i686/cmov/libm-2.11.1.so
b6b55000-b7281000 r-xp 00000000 08:06 1969629    /usr/local/jdk1.6.0_22/jre/lib/i386/server/libjvm.so
b7281000-b72d4000 rwxp 0072c000 08:06 1969629    /usr/local/jdk1.6.0_22/jre/lib/i386/server/libjvm.so
b72d4000-b76f4000 rwxp 00000000 00:00 0 
b76f4000-b7847000 r-xp 00000000 08:06 539442     /lib/tls/i686/cmov/libc-2.11.1.so
b7847000-b7848000 ---p 00153000 08:06 539442     /lib/tls/i686/cmov/libc-2.11.1.so
b7848000-b784a000 r-xp 00153000 08:06 539442     /lib/tls/i686/cmov/libc-2.11.1.so
b784a000-b784b000 rwxp 00155000 08:06 539442     /lib/tls/i686/cmov/libc-2.11.1.so
b784b000-b784e000 rwxp 00000000 00:00 0 
b784e000-b7850000 r-xp 00000000 08:06 539458     /lib/tls/i686/cmov/libdl-2.11.1.so
b7850000-b7851000 r-xp 00001000 08:06 539458     /lib/tls/i686/cmov/libdl-2.11.1.so
b7851000-b7852000 rwxp 00002000 08:06 539458     /lib/tls/i686/cmov/libdl-2.11.1.so
b7852000-b7859000 r-xp 00000000 08:06 1969643    /usr/local/jdk1.6.0_22/jre/lib/i386/jli/libjli.so
b7859000-b785b000 rwxp 00006000 08:06 1969643    /usr/local/jdk1.6.0_22/jre/lib/i386/jli/libjli.so
b785b000-b785c000 rwxp 00000000 00:00 0 
b785c000-b7871000 r-xp 00000000 08:06 550650     /lib/tls/i686/cmov/libpthread-2.11.1.so
b7871000-b7872000 r-xp 00014000 08:06 550650     /lib/tls/i686/cmov/libpthread-2.11.1.so
b7872000-b7873000 rwxp 00015000 08:06 550650     /lib/tls/i686/cmov/libpthread-2.11.1.so
b7873000-b7875000 rwxp 00000000 00:00 0 
b7875000-b787b000 r-xp 00000000 08:06 1969627    /usr/local/jdk1.6.0_22/jre/lib/i386/native_threads/libhpi.so
b787b000-b787c000 rwxp 00006000 08:06 1969627    /usr/local/jdk1.6.0_22/jre/lib/i386/native_threads/libhpi.so
b787c000-b787d000 rwxp 00000000 00:00 0 
b787d000-b787e000 r-xp 00000000 00:00 0 
b787e000-b7889000 r-xp 00000000 08:06 1969640    /usr/local/jdk1.6.0_22/jre/lib/i386/libverify.so
b7889000-b788a000 rwxp 0000b000 08:06 1969640    /usr/local/jdk1.6.0_22/jre/lib/i386/libverify.so
b788a000-b788c000 rwxp 00000000 00:00 0 
b788c000-b788d000 r-xp 00000000 00:00 0          [vdso]
b788d000-b78a8000 r-xp 00000000 08:06 524371     /lib/ld-2.11.1.so
b78a8000-b78a9000 r-xp 0001a000 08:06 524371     /lib/ld-2.11.1.so
b78a9000-b78aa000 rwxp 0001b000 08:06 524371     /lib/ld-2.11.1.so
bf98d000-bf9a2000 rwxp 00000000 00:00 0          [stack]

VM Arguments:
jvm_args: -Dfile.encoding=UTF-8 -Xbootclasspath:/home/aneeshpu/tools/android-sdk-linux_x86/platforms/android-10/android.jar 
java_command: com.vanhelsing.ConstructorTest
Launcher Type: SUN_STANDARD

Environment Variables:
PATH=/home/aneeshpu/bin:/usr/local/sbin:/usr/local/bin:/usr/sbin:/usr/bin:/sbin:/bin:/usr/games
USERNAME=aneeshpu
LD_LIBRARY_PATH=/usr/local/jdk1.6.0_22/jre/lib/i386/server:/usr/local/jdk1.6.0_22/jre/lib/i386:/usr/local/jdk1.6.0_22/jre/../lib/i386:/usr/local/jdk1.6.0_22/jre/lib/i386/client:/usr/local/jdk1.6.0_22/jre/lib/i386:
SHELL=/bin/bash
DISPLAY=:0.0

Signal Handlers:
SIGSEGV: [libjvm.so+0x6a9f20], sa_mask[0]=0x7ffbfeff, sa_flags=0x10000004
SIGBUS: [libjvm.so+0x6a9f20], sa_mask[0]=0x7ffbfeff, sa_flags=0x10000004
SIGFPE: [libjvm.so+0x5781e0], sa_mask[0]=0x7ffbfeff, sa_flags=0x10000004
SIGPIPE: [libjvm.so+0x5781e0], sa_mask[0]=0x7ffbfeff, sa_flags=0x10000004
SIGXFSZ: [libjvm.so+0x5781e0], sa_mask[0]=0x7ffbfeff, sa_flags=0x10000004
SIGILL: [libjvm.so+0x5781e0], sa_mask[0]=0x7ffbfeff, sa_flags=0x10000004
SIGUSR1: SIG_DFL, sa_mask[0]=0x00000000, sa_flags=0x00000000
SIGUSR2: [libjvm.so+0x57ae20], sa_mask[0]=0x00000004, sa_flags=0x10000004
SIGHUP: SIG_DFL, sa_mask[0]=0x00000000, sa_flags=0x00000000
SIGINT: SIG_DFL, sa_mask[0]=0x00000000, sa_flags=0x00000000
SIGTERM: SIG_DFL, sa_mask[0]=0x00000000, sa_flags=0x00000000
SIGQUIT: SIG_DFL, sa_mask[0]=0x00000000, sa_flags=0x00000000


---------------  S Y S T E M  ---------------

OS:squeeze/sid

uname:Linux 2.6.32-33-generic #72-Ubuntu SMP Fri Jul 29 21:08:37 UTC 2011 i686
libc:glibc 2.11.1 NPTL 2.11.1 
rlimit: STACK 8192k, CORE 0k, NPROC infinity, NOFILE 1024, AS infinity
load average:0.94 0.93 0.89

CPU:total 2 (2 cores per cpu, 1 threads per core) family 6 model 23 stepping 10, cmov, cx8, fxsr, mmx, sse, sse2, sse3, ssse3, sse4.1

Memory: 4k page, physical 3602716k(1467688k free), swap 5000184k(4893328k free)

vm_info: Java HotSpot(TM) Server VM (17.1-b03) for linux-x86 JRE (1.6.0_22-b04), built on Sep 15 2010 01:02:09 by "java_re" with gcc 3.2.1-7a (J2SE release)

time: Sun Aug 28 20:36:23 2011
elapsed time: 0 seconds

